0 verbose cli C:\Program Files\nodejs\node.exe C:\Program Files\nodejs\node_modules\npm\bin\npm-cli.js
1 info using npm@10.9.2
2 info using node@v22.17.0
3 silly config load:file:C:\Program Files\nodejs\node_modules\npm\npmrc
4 silly config load:file:C:\Users\meema\AppData\Local\Microsoft\TypeScript\5.9\.npmrc
5 silly config load:file:C:\Users\meema\.npmrc
6 silly config load:file:C:\Users\meema\AppData\Roaming\npm\etc\npmrc
7 verbose title npm install types-registry@latest
8 verbose argv "install" "--ignore-scripts" "types-registry@latest"
9 verbose logfile logs-max:10 dir:D:\My stuff\Passion work\Websites I made\ExperimentalRoom\npm-cache\_logs\2026-02-01T13_39_51_671Z-
10 verbose logfile D:\My stuff\Passion work\Websites I made\ExperimentalRoom\npm-cache\_logs\2026-02-01T13_39_51_671Z-debug-0.log
11 silly logfile done cleaning log files
12 silly packumentCache heap:4345298944 maxSize:1086324736 maxEntrySize:543162368
13 silly packumentCache corgi:https://registry.npmjs.org/types-registry cache-miss
14 http fetch GET 200 https://registry.npmjs.org/types-registry 349ms (cache miss)
15 silly packumentCache corgi:https://registry.npmjs.org/types-registry set size:undefined disposed:false
16 silly idealTree buildDeps
17 silly fetch manifest types-registry@0.1.755
18 silly packumentCache full:https://registry.npmjs.org/types-registry cache-miss
19 http fetch GET 200 https://registry.npmjs.org/types-registry 106ms (cache miss)
20 silly packumentCache full:https://registry.npmjs.org/types-registry set size:undefined disposed:false
21 silly placeDep ROOT types-registry@0.1.755 REPLACE for:  want: 0.1.755
22 silly reify mark retired [
22 silly reify   'C:\\Users\\meema\\AppData\\Local\\Microsoft\\TypeScript\\5.9\\node_modules\\types-registry'
22 silly reify ]
23 silly reify moves {
23 silly reify   'C:\\Users\\meema\\AppData\\Local\\Microsoft\\TypeScript\\5.9\\node_modules\\types-registry': 'C:\\Users\\meema\\AppData\\Local\\Microsoft\\TypeScript\\5.9\\node_modules\\.types-registry-QnhebHJM'
23 silly reify }
24 silly audit bulk request {
24 silly audit   '@types/body-parser': [ '1.19.6' ],
24 silly audit   '@types/connect': [ '3.4.38' ],
24 silly audit   '@types/cors': [ '2.8.19' ],
24 silly audit   '@types/express': [ '5.0.6' ],
24 silly audit   '@types/express-serve-static-core': [ '5.1.1' ],
24 silly audit   '@types/gh-pages': [ '6.1.0' ],
24 silly audit   '@types/http-errors': [ '2.0.5' ],
24 silly audit   '@types/merge-descriptors': [ '1.0.3' ],
24 silly audit   '@types/node': [ '25.0.9' ],
24 silly audit   '@types/qs': [ '6.14.0' ],
24 silly audit   '@types/range-parser': [ '1.2.7' ],
24 silly audit   '@types/react': [ '19.2.7' ],
24 silly audit   '@types/react-dom': [ '19.2.3' ],
24 silly audit   '@types/send': [ '1.2.1' ],
24 silly audit   '@types/serve-static': [ '2.2.0' ],
24 silly audit   '@types/ws': [ '8.18.1' ],
24 silly audit   csstype: [ '3.2.3' ],
24 silly audit   'undici-types': [ '7.16.0' ],
24 silly audit   'types-registry': [ '0.1.755' ]
24 silly audit }
25 http cache types-registry@https://registry.npmjs.org/types-registry/-/types-registry-0.1.755.tgz 0ms (cache hit)
26 silly tarball no local data for types-registry@https://registry.npmjs.org/types-registry/-/types-registry-0.1.755.tgz. Extracting by manifest.
27 http fetch GET 200 https://registry.npmjs.org/types-registry/-/types-registry-0.1.755.tgz 238ms (cache miss)
28 http fetch POST 200 https://registry.npmjs.org/-/npm/v1/security/advisories/bulk 272ms
29 silly audit report {}
30 silly CHANGE node_modules/types-registry
31 verbose cwd C:\Users\meema\AppData\Local\Microsoft\TypeScript\5.9
32 verbose os Windows_NT 10.0.26200
33 verbose node v22.17.0
34 verbose npm  v10.9.2
35 verbose exit 0
36 info ok
